<?xml version="1.0" encoding="UTF-8"?>
<coverage generated="1774919657426" clover="3.2.0">
  <project timestamp="1774919657426" name="All files">
    <metrics statements="105" coveredstatements="101" conditionals="123" coveredconditionals="79" methods="25" coveredmethods="21" elements="253" coveredelements="201" complexity="0" loc="105" ncloc="105" packages="9" files="11" classes="11"/>
    <package name="src">
      <metrics statements="10" coveredstatements="10" conditionals="15" coveredconditionals="7" methods="1" coveredmethods="1"/>
      <file name="GifsApp.tsx" path="C:\git\react-udemy\03-gifs-app\src\GifsApp.tsx">
        <metrics statements="10" coveredstatements="10" conditionals="15" coveredconditionals="7" methods="1" coveredmethods="1"/>
        <line num="7" count="1" type="stmt"/>
        <line num="9" count="1" type="cond" truecount="1" falsecount="1"/>
        <line num="12" count="1" type="stmt"/>
        <line num="14" count="1" type="cond" truecount="1" falsecount="1"/>
        <line num="16" count="1" type="stmt"/>
        <line num="17" count="1" type="cond" truecount="2" falsecount="2"/>
        <line num="19" count="1" type="stmt"/>
        <line num="20" count="1" type="cond" truecount="1" falsecount="1"/>
        <line num="23" count="1" type="cond" truecount="2" falsecount="3"/>
        <line num="24" count="1" type="stmt"/>
      </file>
    </package>
    <package name="src.counter.components">
      <metrics statements="10" coveredstatements="10" conditionals="19" coveredconditionals="12" methods="1" coveredmethods="1"/>
      <file name="MyCounterApp.tsx" path="C:\git\react-udemy\03-gifs-app\src\counter\components\MyCounterApp.tsx">
        <metrics statements="10" coveredstatements="10" conditionals="19" coveredconditionals="12" methods="1" coveredmethods="1"/>
        <line num="4" count="7" type="stmt"/>
        <line num="5" count="7" type="cond" truecount="2" falsecount="0"/>
        <line num="8" count="7" type="cond" truecount="1" falsecount="1"/>
        <line num="9" count="7" type="cond" truecount="1" falsecount="1"/>
        <line num="11" count="7" type="stmt"/>
        <line num="12" count="7" type="cond" truecount="2" falsecount="0"/>
        <line num="13" count="7" type="cond" truecount="2" falsecount="0"/>
        <line num="14" count="7" type="cond" truecount="2" falsecount="3"/>
        <line num="15" count="7" type="cond" truecount="2" falsecount="2"/>
        <line num="16" count="7" type="stmt"/>
      </file>
    </package>
    <package name="src.counter.hooks">
      <metrics statements="13" coveredstatements="13" conditionals="13" coveredconditionals="9" methods="5" coveredmethods="5"/>
      <file name="useCounter.tsx" path="C:\git\react-udemy\03-gifs-app\src\counter\hooks\useCounter.tsx">
        <metrics statements="13" coveredstatements="13" conditionals="13" coveredconditionals="9" methods="5" coveredmethods="5"/>
        <line num="3" count="14" type="cond" truecount="2" falsecount="0"/>
        <line num="5" count="14" type="cond" truecount="1" falsecount="1"/>
        <line num="7" count="14" type="stmt"/>
        <line num="8" count="2" type="stmt"/>
        <line num="9" count="14" type="cond" truecount="2" falsecount="0"/>
        <line num="11" count="14" type="stmt"/>
        <line num="12" count="3" type="stmt"/>
        <line num="13" count="14" type="cond" truecount="2" falsecount="0"/>
        <line num="15" count="14" type="stmt"/>
        <line num="16" count="1" type="stmt"/>
        <line num="17" count="14" type="cond" truecount="2" falsecount="3"/>
        <line num="19" count="14" type="stmt"/>
        <line num="27" count="14" type="stmt"/>
      </file>
    </package>
    <package name="src.gifs.actions">
      <metrics statements="8" coveredstatements="8" conditionals="2" coveredconditionals="2" methods="2" coveredmethods="2"/>
      <file name="get-gifs-by-query.action.ts" path="C:\git\react-udemy\03-gifs-app\src\gifs\actions\get-gifs-by-query.action.ts">
        <metrics statements="8" coveredstatements="8" conditionals="2" coveredconditionals="2" methods="2" coveredmethods="2"/>
        <line num="6" count="3" type="stmt"/>
        <line num="8" count="6" type="cond" truecount="2" falsecount="0"/>
        <line num="9" count="1" type="stmt"/>
        <line num="12" count="5" type="stmt"/>
        <line num="13" count="5" type="stmt"/>
        <line num="20" count="40" type="stmt"/>
        <line num="28" count="1" type="stmt"/>
        <line num="29" count="1" type="stmt"/>
      </file>
    </package>
    <package name="src.gifs.api">
      <metrics statements="1" coveredstatements="1" conditionals="0" coveredconditionals="0" methods="0" coveredmethods="0"/>
      <file name="giphy.api.ts" path="C:\git\react-udemy\03-gifs-app\src\gifs\api\giphy.api.ts">
        <metrics statements="1" coveredstatements="1" conditionals="0" coveredconditionals="0" methods="0" coveredmethods="0"/>
        <line num="3" count="4" type="stmt"/>
      </file>
    </package>
    <package name="src.gifs.components">
      <metrics statements="13" coveredstatements="11" conditionals="14" coveredconditionals="7" methods="5" coveredmethods="2"/>
      <file name="GifList.tsx" path="C:\git\react-udemy\03-gifs-app\src\gifs\components\GifList.tsx">
        <metrics statements="5" coveredstatements="5" conditionals="4" coveredconditionals="2" methods="2" coveredmethods="1"/>
        <line num="7" count="1" type="cond" truecount="1" falsecount="1"/>
        <line num="9" count="1" type="stmt"/>
        <line num="12" count="1" type="stmt"/>
        <line num="20" count="1" type="cond" truecount="1" falsecount="1"/>
        <line num="23" count="1" type="stmt"/>
      </file>
      <file name="PreviousSearches.tsx" path="C:\git\react-udemy\03-gifs-app\src\gifs\components\PreviousSearches.tsx">
        <metrics statements="8" coveredstatements="6" conditionals="10" coveredconditionals="5" methods="3" coveredmethods="1"/>
        <line num="11" count="1" type="cond" truecount="1" falsecount="1"/>
        <line num="13" count="1" type="stmt"/>
        <line num="15" count="1" type="cond" truecount="3" falsecount="3"/>
        <line num="17" count="1" type="stmt"/>
        <line num="18" count="0" type="stmt"/>
        <line num="19" count="0" type="stmt"/>
        <line num="21" count="1" type="cond" truecount="1" falsecount="1"/>
        <line num="24" count="1" type="stmt"/>
      </file>
    </package>
    <package name="src.gifs.hooks">
      <metrics statements="22" coveredstatements="22" conditionals="23" coveredconditionals="20" methods="3" coveredmethods="3"/>
      <file name="useGifs.tsx" path="C:\git\react-udemy\03-gifs-app\src\gifs\hooks\useGifs.tsx">
        <metrics statements="22" coveredstatements="22" conditionals="23" coveredconditionals="20" methods="3" coveredmethods="3"/>
        <line num="7" count="16" type="cond" truecount="2" falsecount="0"/>
        <line num="9" count="16" type="cond" truecount="2" falsecount="0"/>
        <line num="10" count="16" type="cond" truecount="2" falsecount="0"/>
        <line num="13" count="16" type="cond" truecount="2" falsecount="0"/>
        <line num="15" count="16" type="stmt"/>
        <line num="16" count="3" type="cond" truecount="2" falsecount="0"/>
        <line num="17" count="1" type="stmt"/>
        <line num="21" count="2" type="stmt"/>
        <line num="22" count="2" type="stmt"/>
        <line num="23" count="2" type="stmt"/>
        <line num="24" count="16" type="cond" truecount="2" falsecount="0"/>
        <line num="27" count="16" type="cond" truecount="1" falsecount="1"/>
        <line num="28" count="7" type="stmt"/>
        <line num="30" count="7" type="cond" truecount="1" falsecount="1"/>
        <line num="32" count="7" type="cond" truecount="1" falsecount="1"/>
        <line num="34" count="7" type="stmt"/>
        <line num="35" count="7" type="stmt"/>
        <line num="36" count="7" type="stmt"/>
        <line num="38" count="7" type="stmt"/>
        <line num="39" count="16" type="cond" truecount="5" falsecount="0"/>
        <line num="42" count="15" type="stmt"/>
        <line num="49" count="16" type="stmt"/>
      </file>
    </package>
    <package name="src.shared.components">
      <metrics statements="27" coveredstatements="25" conditionals="37" coveredconditionals="22" methods="8" coveredmethods="7"/>
      <file name="CustomHeader.tsx" path="C:\git\react-udemy\03-gifs-app\src\shared\components\CustomHeader.tsx">
        <metrics statements="5" coveredstatements="5" conditionals="10" coveredconditionals="6" methods="1" coveredmethods="1"/>
        <line num="6" count="4" type="cond" truecount="1" falsecount="1"/>
        <line num="8" count="4" type="stmt"/>
        <line num="10" count="4" type="cond" truecount="1" falsecount="1"/>
        <line num="11" count="4" type="cond" truecount="4" falsecount="2"/>
        <line num="13" count="4" type="stmt"/>
      </file>
      <file name="SearchBar.tsx" path="C:\git\react-udemy\03-gifs-app\src\shared\components\SearchBar.tsx">
        <metrics statements="22" coveredstatements="20" conditionals="27" coveredconditionals="16" methods="7" coveredmethods="6"/>
        <line num="10" count="12" type="cond" truecount="2" falsecount="0"/>
        <line num="11" count="12" type="cond" truecount="3" falsecount="1"/>
        <line num="13" count="12" type="stmt"/>
        <line num="14" count="12" type="stmt"/>
        <line num="15" count="2" type="stmt"/>
        <line num="16" count="12" type="stmt"/>
        <line num="19" count="12" type="stmt"/>
        <line num="21" count="12" type="cond" truecount="3" falsecount="1"/>
        <line num="23" count="12" type="stmt"/>
        <line num="24" count="1" type="stmt"/>
        <line num="25" count="12" type="cond" truecount="1" falsecount="1"/>
        <line num="27" count="12" type="stmt"/>
        <line num="28" count="0" type="cond" truecount="0" falsecount="2"/>
        <line num="29" count="0" type="stmt"/>
        <line num="31" count="12" type="cond" truecount="2" falsecount="0"/>
        <line num="34" count="12" type="stmt"/>
        <line num="36" count="12" type="stmt"/>
        <line num="38" count="12" type="cond" truecount="2" falsecount="3"/>
        <line num="40" count="12" type="cond" truecount="1" falsecount="1"/>
        <line num="41" count="12" type="stmt"/>
        <line num="42" count="12" type="cond" truecount="2" falsecount="2"/>
        <line num="45" count="12" type="stmt"/>
      </file>
    </package>
    <package name="tests.mocks">
      <metrics statements="1" coveredstatements="1" conditionals="0" coveredconditionals="0" methods="0" coveredmethods="0"/>
      <file name="giphy.response.data.ts" path="C:\git\react-udemy\03-gifs-app\tests\mocks\giphy.response.data.ts">
        <metrics statements="1" coveredstatements="1" conditionals="0" coveredconditionals="0" methods="0" coveredmethods="0"/>
        <line num="1" count="1" type="stmt"/>
      </file>
    </package>
  </project>
</coverage>
