{"C:\\git\\react-udemy\\03-gifs-app\\src\\GifsApp.tsx": {"path":"C:\\git\\react-udemy\\03-gifs-app\\src\\GifsApp.tsx","statementMap":{"0":{"start":{"line":7,"column":13},"end":{"line":12,"column":null}},"1":{"start":{"line":7,"column":23},"end":{"line":7,"column":null}},"2":{"start":{"line":9,"column":2},"end":{"line":9,"column":74}},"3":{"start":{"line":9,"column":75},"end":{"line":14,"column":null}},"4":{"start":{"line":14,"column":6},"end":{"line":14,"column":null}},"5":{"start":{"line":14,"column":97},"end":{"line":14,"column":null}},"6":{"start":{"line":14,"column":97},"end":{"line":17,"column":null}},"7":{"start":{"line":16,"column":6},"end":{"line":17,"column":null}},"8":{"start":{"line":17,"column":31},"end":{"line":17,"column":null}},"9":{"start":{"line":17,"column":31},"end":{"line":20,"column":null}},"10":{"start":{"line":19,"column":6},"end":{"line":20,"column":null}},"11":{"start":{"line":20,"column":44},"end":{"line":20,"column":null}},"12":{"start":{"line":20,"column":44},"end":{"line":23,"column":null}},"13":{"start":{"line":23,"column":6},"end":{"line":23,"column":null}},"14":{"start":{"line":23,"column":29},"end":{"line":23,"column":null}},"15":{"start":{"line":23,"column":29},"end":{"line":24,"column":null}},"16":{"start":{"line":12,"column":4},"end":{"line":24,"column":null}},"17":{"start":{"line":24,"column":7},"end":{"line":24,"column":null}},"18":{"start":{"line":24,"column":7},"end":{"line":12,"column":null}}},"fnMap":{"0":{"name":"(anonymous_0)","decl":{"start":{"line":7,"column":13},"end":{"line":7,"column":23}},"loc":{"start":{"line":7,"column":23},"end":{"line":12,"column":null}},"line":7}},"branchMap":{"0":{"loc":{"start":{"line":9,"column":75},"end":{"line":14,"column":null}},"type":"if","locations":[{"start":{"line":9,"column":75},"end":{"line":14,"column":null}},{"start":{"line":14,"column":97},"end":{"line":14,"column":null}}],"line":9},"1":{"loc":{"start":{"line":14,"column":97},"end":{"line":17,"column":null}},"type":"if","locations":[{"start":{"line":14,"column":97},"end":{"line":17,"column":null}},{"start":{"line":17,"column":31},"end":{"line":17,"column":null}}],"line":14},"2":{"loc":{"start":{"line":17,"column":31},"end":{"line":20,"column":null}},"type":"if","locations":[{"start":{"line":17,"column":31},"end":{"line":20,"column":null}},{"start":{"line":20,"column":44},"end":{"line":20,"column":null}}],"line":17},"3":{"loc":{"start":{"line":17,"column":31},"end":{"line":17,"column":null}},"type":"binary-expr","locations":[{"start":{"line":17,"column":31},"end":{"line":17,"column":null}},{"start":{"line":17,"column":31},"end":{"line":17,"column":null}}],"line":17},"4":{"loc":{"start":{"line":20,"column":44},"end":{"line":23,"column":null}},"type":"if","locations":[{"start":{"line":20,"column":44},"end":{"line":23,"column":null}},{"start":{"line":23,"column":29},"end":{"line":23,"column":null}}],"line":20},"5":{"loc":{"start":{"line":23,"column":29},"end":{"line":24,"column":null}},"type":"if","locations":[{"start":{"line":23,"column":29},"end":{"line":24,"column":null}},{"start":{"line":24,"column":7},"end":{"line":24,"column":null}}],"line":23},"6":{"loc":{"start":{"line":23,"column":29},"end":{"line":23,"column":null}},"type":"binary-expr","locations":[{"start":{"line":23,"column":29},"end":{"line":23,"column":null}},{"start":{"line":23,"column":29},"end":{"line":23,"column":null}},{"start":{"line":23,"column":29},"end":{"line":23,"column":null}}],"line":23}},"s":{"0":1,"1":1,"2":1,"3":1,"4":1,"5":0,"6":1,"7":1,"8":0,"9":1,"10":1,"11":0,"12":1,"13":1,"14":0,"15":1,"16":1,"17":0,"18":1},"f":{"0":1},"b":{"0":[1,0],"1":[1,0],"2":[1,0],"3":[1,0],"4":[1,0],"5":[1,0],"6":[1,0,0]},"meta":{"lastBranch":7,"lastFunction":1,"lastStatement":19,"seen":{"s:7:13:12:Infinity":0,"f:7:13:7:23":0,"s:7:23:7:Infinity":1,"s:9:2:9:74":2,"b:9:75:14:Infinity:14:97:14:Infinity":0,"s:9:75:14:Infinity":3,"s:14:6:14:Infinity":4,"s:14:97:14:Infinity":5,"b:14:97:17:Infinity:17:31:17:Infinity":1,"s:14:97:17:Infinity":6,"s:16:6:17:Infinity":7,"s:17:31:17:Infinity":8,"b:17:31:20:Infinity:20:44:20:Infinity":2,"s:17:31:20:Infinity":9,"b:17:31:17:Infinity:17:31:17:Infinity":3,"s:19:6:20:Infinity":10,"s:20:44:20:Infinity":11,"b:20:44:23:Infinity:23:29:23:Infinity":4,"s:20:44:23:Infinity":12,"s:23:6:23:Infinity":13,"s:23:29:23:Infinity":14,"b:23:29:24:Infinity:24:7:24:Infinity":5,"s:23:29:24:Infinity":15,"b:23:29:23:Infinity:23:29:23:Infinity:23:29:23:Infinity":6,"s:12:4:24:Infinity":16,"s:24:7:24:Infinity":17,"s:24:7:12:Infinity":18}}}
,"C:\\git\\react-udemy\\03-gifs-app\\src\\counter\\components\\MyCounterApp.tsx": {"path":"C:\\git\\react-udemy\\03-gifs-app\\src\\counter\\components\\MyCounterApp.tsx","statementMap":{"0":{"start":{"line":4,"column":13},"end":{"line":8,"column":16}},"1":{"start":{"line":4,"column":28},"end":{"line":4,"column":null}},"2":{"start":{"line":5,"column":2},"end":{"line":5,"column":74}},"3":{"start":{"line":5,"column":74},"end":{"line":8,"column":null}},"4":{"start":{"line":8,"column":16},"end":{"line":8,"column":null}},"5":{"start":{"line":8,"column":80},"end":{"line":8,"column":null}},"6":{"start":{"line":8,"column":80},"end":{"line":9,"column":null}},"7":{"start":{"line":9,"column":6},"end":{"line":9,"column":null}},"8":{"start":{"line":9,"column":34},"end":{"line":9,"column":null}},"9":{"start":{"line":9,"column":34},"end":{"line":12,"column":null}},"10":{"start":{"line":12,"column":8},"end":{"line":12,"column":null}},"11":{"start":{"line":12,"column":47},"end":{"line":12,"column":null}},"12":{"start":{"line":12,"column":47},"end":{"line":13,"column":null}},"13":{"start":{"line":13,"column":8},"end":{"line":13,"column":null}},"14":{"start":{"line":13,"column":52},"end":{"line":13,"column":null}},"15":{"start":{"line":13,"column":52},"end":{"line":14,"column":null}},"16":{"start":{"line":14,"column":8},"end":{"line":14,"column":null}},"17":{"start":{"line":14,"column":52},"end":{"line":14,"column":null}},"18":{"start":{"line":14,"column":52},"end":{"line":15,"column":null}},"19":{"start":{"line":11,"column":6},"end":{"line":15,"column":null}},"20":{"start":{"line":15,"column":12},"end":{"line":15,"column":null}},"21":{"start":{"line":15,"column":12},"end":{"line":16,"column":null}},"22":{"start":{"line":8,"column":4},"end":{"line":11,"column":null}},"23":{"start":{"line":16,"column":10},"end":{"line":16,"column":null}},"24":{"start":{"line":16,"column":10},"end":{"line":8,"column":16}}},"fnMap":{"0":{"name":"(anonymous_0)","decl":{"start":{"line":4,"column":13},"end":{"line":4,"column":28}},"loc":{"start":{"line":4,"column":28},"end":{"line":8,"column":16}},"line":4}},"branchMap":{"0":{"loc":{"start":{"line":5,"column":74},"end":{"line":8,"column":null}},"type":"if","locations":[{"start":{"line":5,"column":74},"end":{"line":8,"column":null}},{"start":{"line":8,"column":80},"end":{"line":8,"column":null}}],"line":5},"1":{"loc":{"start":{"line":8,"column":80},"end":{"line":9,"column":null}},"type":"if","locations":[{"start":{"line":8,"column":80},"end":{"line":9,"column":null}},{"start":{"line":9,"column":34},"end":{"line":9,"column":null}}],"line":8},"2":{"loc":{"start":{"line":9,"column":34},"end":{"line":12,"column":null}},"type":"if","locations":[{"start":{"line":9,"column":34},"end":{"line":12,"column":null}},{"start":{"line":12,"column":47},"end":{"line":12,"column":null}}],"line":9},"3":{"loc":{"start":{"line":12,"column":47},"end":{"line":13,"column":null}},"type":"if","locations":[{"start":{"line":12,"column":47},"end":{"line":13,"column":null}},{"start":{"line":13,"column":52},"end":{"line":13,"column":null}}],"line":12},"4":{"loc":{"start":{"line":13,"column":52},"end":{"line":14,"column":null}},"type":"if","locations":[{"start":{"line":13,"column":52},"end":{"line":14,"column":null}},{"start":{"line":14,"column":52},"end":{"line":14,"column":null}}],"line":13},"5":{"loc":{"start":{"line":14,"column":52},"end":{"line":15,"column":null}},"type":"if","locations":[{"start":{"line":14,"column":52},"end":{"line":15,"column":null}},{"start":{"line":15,"column":12},"end":{"line":15,"column":null}}],"line":14},"6":{"loc":{"start":{"line":14,"column":52},"end":{"line":14,"column":null}},"type":"binary-expr","locations":[{"start":{"line":14,"column":52},"end":{"line":14,"column":null}},{"start":{"line":14,"column":52},"end":{"line":14,"column":null}},{"start":{"line":14,"column":52},"end":{"line":14,"column":null}}],"line":14},"7":{"loc":{"start":{"line":15,"column":12},"end":{"line":16,"column":null}},"type":"if","locations":[{"start":{"line":15,"column":12},"end":{"line":16,"column":null}},{"start":{"line":16,"column":10},"end":{"line":16,"column":null}}],"line":15},"8":{"loc":{"start":{"line":15,"column":12},"end":{"line":15,"column":null}},"type":"binary-expr","locations":[{"start":{"line":15,"column":12},"end":{"line":15,"column":null}},{"start":{"line":15,"column":12},"end":{"line":15,"column":null}}],"line":15}},"s":{"0":2,"1":7,"2":7,"3":7,"4":5,"5":2,"6":7,"7":7,"8":0,"9":7,"10":7,"11":0,"12":7,"13":5,"14":2,"15":7,"16":5,"17":2,"18":7,"19":7,"20":0,"21":7,"22":7,"23":0,"24":7},"f":{"0":7},"b":{"0":[5,2],"1":[7,0],"2":[7,0],"3":[5,2],"4":[5,2],"5":[7,0],"6":[7,0,0],"7":[7,0],"8":[7,0]},"meta":{"lastBranch":9,"lastFunction":1,"lastStatement":25,"seen":{"s:4:13:8:16":0,"f:4:13:4:28":0,"s:4:28:4:Infinity":1,"s:5:2:5:74":2,"b:5:74:8:Infinity:8:80:8:Infinity":0,"s:5:74:8:Infinity":3,"s:8:16:8:Infinity":4,"s:8:80:8:Infinity":5,"b:8:80:9:Infinity:9:34:9:Infinity":1,"s:8:80:9:Infinity":6,"s:9:6:9:Infinity":7,"s:9:34:9:Infinity":8,"b:9:34:12:Infinity:12:47:12:Infinity":2,"s:9:34:12:Infinity":9,"s:12:8:12:Infinity":10,"s:12:47:12:Infinity":11,"b:12:47:13:Infinity:13:52:13:Infinity":3,"s:12:47:13:Infinity":12,"s:13:8:13:Infinity":13,"s:13:52:13:Infinity":14,"b:13:52:14:Infinity:14:52:14:Infinity":4,"s:13:52:14:Infinity":15,"s:14:8:14:Infinity":16,"s:14:52:14:Infinity":17,"b:14:52:15:Infinity:15:12:15:Infinity":5,"s:14:52:15:Infinity":18,"b:14:52:14:Infinity:14:52:14:Infinity:14:52:14:Infinity":6,"s:11:6:15:Infinity":19,"s:15:12:15:Infinity":20,"b:15:12:16:Infinity:16:10:16:Infinity":7,"s:15:12:16:Infinity":21,"b:15:12:15:Infinity:15:12:15:Infinity":8,"s:8:4:11:Infinity":22,"s:16:10:16:Infinity":23,"s:16:10:8:16":24}}}
,"C:\\git\\react-udemy\\03-gifs-app\\src\\counter\\hooks\\useCounter.tsx": {"path":"C:\\git\\react-udemy\\03-gifs-app\\src\\counter\\hooks\\useCounter.tsx","statementMap":{"0":{"start":{"line":3,"column":13},"end":{"line":19,"column":null}},"1":{"start":{"line":3,"column":26},"end":{"line":3,"column":28}},"2":{"start":{"line":3,"column":28},"end":{"line":3,"column":null}},"3":{"start":{"line":5,"column":2},"end":{"line":5,"column":54}},"4":{"start":{"line":5,"column":54},"end":{"line":9,"column":null}},"5":{"start":{"line":7,"column":20},"end":{"line":8,"column":null}},"6":{"start":{"line":8,"column":4},"end":{"line":8,"column":null}},"7":{"start":{"line":9,"column":3},"end":{"line":9,"column":null}},"8":{"start":{"line":7,"column":20},"end":{"line":7,"column":null}},"9":{"start":{"line":9,"column":3},"end":{"line":13,"column":null}},"10":{"start":{"line":11,"column":25},"end":{"line":12,"column":null}},"11":{"start":{"line":12,"column":4},"end":{"line":12,"column":null}},"12":{"start":{"line":13,"column":3},"end":{"line":13,"column":null}},"13":{"start":{"line":11,"column":25},"end":{"line":11,"column":null}},"14":{"start":{"line":13,"column":3},"end":{"line":17,"column":null}},"15":{"start":{"line":15,"column":22},"end":{"line":16,"column":null}},"16":{"start":{"line":16,"column":4},"end":{"line":16,"column":null}},"17":{"start":{"line":17,"column":3},"end":{"line":17,"column":null}},"18":{"start":{"line":15,"column":22},"end":{"line":15,"column":null}},"19":{"start":{"line":17,"column":3},"end":{"line":27,"column":null}},"20":{"start":{"line":19,"column":9},"end":{"line":27,"column":null}},"21":{"start":{"line":27,"column":3},"end":{"line":27,"column":null}},"22":{"start":{"line":27,"column":3},"end":{"line":19,"column":null}},"23":{"start":{"line":3,"column":26},"end":{"line":12,"column":41}}},"fnMap":{"0":{"name":"(anonymous_0)","decl":{"start":{"line":3,"column":13},"end":{"line":3,"column":26}},"loc":{"start":{"line":3,"column":26},"end":{"line":19,"column":null}},"line":3},"1":{"name":"(anonymous_1)","decl":{"start":{"line":7,"column":20},"end":{"line":7,"column":null}},"loc":{"start":{"line":7,"column":20},"end":{"line":8,"column":null}},"line":7},"2":{"name":"(anonymous_2)","decl":{"start":{"line":11,"column":25},"end":{"line":11,"column":null}},"loc":{"start":{"line":11,"column":25},"end":{"line":12,"column":null}},"line":11},"3":{"name":"(anonymous_3)","decl":{"start":{"line":15,"column":22},"end":{"line":15,"column":null}},"loc":{"start":{"line":15,"column":22},"end":{"line":16,"column":null}},"line":15},"4":{"name":"_temp","decl":{"start":{"line":3,"column":26},"end":{"line":3,"column":28}},"loc":{"start":{"line":3,"column":26},"end":{"line":12,"column":41}},"line":3}},"branchMap":{"0":{"loc":{"start":{"line":3,"column":28},"end":{"line":3,"column":null}},"type":"cond-expr","locations":[{"start":{"line":3,"column":28},"end":{"line":3,"column":null}},{"start":{"line":3,"column":28},"end":{"line":3,"column":null}}],"line":3},"1":{"loc":{"start":{"line":5,"column":54},"end":{"line":9,"column":null}},"type":"if","locations":[{"start":{"line":5,"column":54},"end":{"line":9,"column":null}},{"start":{"line":9,"column":3},"end":{"line":9,"column":null}}],"line":5},"2":{"loc":{"start":{"line":9,"column":3},"end":{"line":13,"column":null}},"type":"if","locations":[{"start":{"line":9,"column":3},"end":{"line":13,"column":null}},{"start":{"line":13,"column":3},"end":{"line":13,"column":null}}],"line":9},"3":{"loc":{"start":{"line":13,"column":3},"end":{"line":17,"column":null}},"type":"if","locations":[{"start":{"line":13,"column":3},"end":{"line":17,"column":null}},{"start":{"line":17,"column":3},"end":{"line":17,"column":null}}],"line":13},"4":{"loc":{"start":{"line":17,"column":3},"end":{"line":27,"column":null}},"type":"if","locations":[{"start":{"line":17,"column":3},"end":{"line":27,"column":null}},{"start":{"line":27,"column":3},"end":{"line":27,"column":null}}],"line":17},"5":{"loc":{"start":{"line":17,"column":3},"end":{"line":17,"column":null}},"type":"binary-expr","locations":[{"start":{"line":17,"column":3},"end":{"line":17,"column":null}},{"start":{"line":17,"column":3},"end":{"line":17,"column":null}},{"start":{"line":17,"column":3},"end":{"line":17,"column":null}}],"line":17}},"s":{"0":2,"1":14,"2":14,"3":14,"4":14,"5":14,"6":2,"7":0,"8":14,"9":14,"10":8,"11":3,"12":6,"13":14,"14":14,"15":8,"16":1,"17":6,"18":14,"19":14,"20":14,"21":0,"22":14,"23":3},"f":{"0":14,"1":2,"2":3,"3":1,"4":3},"b":{"0":[5,9],"1":[14,0],"2":[8,6],"3":[8,6],"4":[14,0],"5":[14,0,0]},"meta":{"lastBranch":6,"lastFunction":5,"lastStatement":24,"seen":{"s:3:13:19:Infinity":0,"f:3:13:3:26":0,"s:3:26:3:28":1,"s:3:28:3:Infinity":2,"b:3:28:3:Infinity:3:28:3:Infinity":0,"s:5:2:5:54":3,"b:5:54:9:Infinity:9:3:9:Infinity":1,"s:5:54:9:Infinity":4,"s:7:20:8:Infinity":5,"f:7:20:7:Infinity":1,"s:8:4:8:Infinity":6,"s:9:3:9:Infinity":7,"s:7:20:7:Infinity":8,"b:9:3:13:Infinity:13:3:13:Infinity":2,"s:9:3:13:Infinity":9,"s:11:25:12:Infinity":10,"f:11:25:11:Infinity":2,"s:12:4:12:Infinity":11,"s:13:3:13:Infinity":12,"s:11:25:11:Infinity":13,"b:13:3:17:Infinity:17:3:17:Infinity":3,"s:13:3:17:Infinity":14,"s:15:22:16:Infinity":15,"f:15:22:15:Infinity":3,"s:16:4:16:Infinity":16,"s:17:3:17:Infinity":17,"s:15:22:15:Infinity":18,"b:17:3:27:Infinity:27:3:27:Infinity":4,"s:17:3:27:Infinity":19,"b:17:3:17:Infinity:17:3:17:Infinity:17:3:17:Infinity":5,"s:19:9:27:Infinity":20,"s:27:3:27:Infinity":21,"s:27:3:19:Infinity":22,"f:3:26:3:28":4,"s:3:26:12:41":23}}}
,"C:\\git\\react-udemy\\03-gifs-app\\src\\gifs\\actions\\get-gifs-by-query.action.ts": {"path":"C:\\git\\react-udemy\\03-gifs-app\\src\\gifs\\actions\\get-gifs-by-query.action.ts","statementMap":{"0":{"start":{"line":6,"column":30},"end":{"line":29,"column":null}},"1":{"start":{"line":8,"column":2},"end":{"line":9,"column":null}},"2":{"start":{"line":9,"column":4},"end":{"line":9,"column":null}},"3":{"start":{"line":12,"column":2},"end":{"line":29,"column":null}},"4":{"start":{"line":13,"column":21},"end":{"line":18,"column":6}},"5":{"start":{"line":20,"column":4},"end":{"line":26,"column":null}},"6":{"start":{"line":20,"column":45},"end":{"line":26,"column":7}},"7":{"start":{"line":28,"column":4},"end":{"line":28,"column":null}},"8":{"start":{"line":29,"column":4},"end":{"line":29,"column":null}}},"fnMap":{"0":{"name":"(anonymous_0)","decl":{"start":{"line":6,"column":30},"end":{"line":6,"column":36}},"loc":{"start":{"line":6,"column":70},"end":{"line":29,"column":null}},"line":6},"1":{"name":"(anonymous_1)","decl":{"start":{"line":20,"column":30},"end":{"line":20,"column":36}},"loc":{"start":{"line":20,"column":45},"end":{"line":26,"column":7}},"line":20}},"branchMap":{"0":{"loc":{"start":{"line":8,"column":2},"end":{"line":9,"column":null}},"type":"if","locations":[{"start":{"line":8,"column":2},"end":{"line":9,"column":null}},{"start":{},"end":{}}],"line":8}},"s":{"0":3,"1":6,"2":1,"3":5,"4":5,"5":4,"6":40,"7":1,"8":1},"f":{"0":6,"1":40},"b":{"0":[1,5]},"meta":{"lastBranch":1,"lastFunction":2,"lastStatement":9,"seen":{"s:6:30:29:Infinity":0,"f:6:30:6:36":0,"b:8:2:9:Infinity:undefined:undefined:undefined:undefined":0,"s:8:2:9:Infinity":1,"s:9:4:9:Infinity":2,"s:12:2:29:Infinity":3,"s:13:21:18:6":4,"s:20:4:26:Infinity":5,"f:20:30:20:36":1,"s:20:45:26:7":6,"s:28:4:28:Infinity":7,"s:29:4:29:Infinity":8}}}
,"C:\\git\\react-udemy\\03-gifs-app\\src\\gifs\\api\\giphy.api.ts": {"path":"C:\\git\\react-udemy\\03-gifs-app\\src\\gifs\\api\\giphy.api.ts","statementMap":{"0":{"start":{"line":3,"column":24},"end":{"line":9,"column":2}}},"fnMap":{},"branchMap":{},"s":{"0":4},"f":{},"b":{},"meta":{"lastBranch":0,"lastFunction":0,"lastStatement":1,"seen":{"s:3:24:9:2":0}}}
,"C:\\git\\react-udemy\\03-gifs-app\\src\\gifs\\components\\GifList.tsx": {"path":"C:\\git\\react-udemy\\03-gifs-app\\src\\gifs\\components\\GifList.tsx","statementMap":{"0":{"start":{"line":7,"column":13},"end":{"line":9,"column":null}},"1":{"start":{"line":7,"column":23},"end":{"line":7,"column":25}},"2":{"start":{"line":7,"column":25},"end":{"line":7,"column":40}},"3":{"start":{"line":7,"column":40},"end":{"line":20,"column":null}},"4":{"start":{"line":12,"column":10},"end":{"line":20,"column":null}},"5":{"start":{"line":20,"column":12},"end":{"line":20,"column":null}},"6":{"start":{"line":20,"column":12},"end":{"line":23,"column":null}},"7":{"start":{"line":9,"column":4},"end":{"line":23,"column":null}},"8":{"start":{"line":23,"column":7},"end":{"line":23,"column":null}},"9":{"start":{"line":23,"column":7},"end":{"line":9,"column":null}},"10":{"start":{"line":7,"column":23},"end":{"line":19,"column":null}}},"fnMap":{"0":{"name":"(anonymous_0)","decl":{"start":{"line":7,"column":13},"end":{"line":7,"column":23}},"loc":{"start":{"line":7,"column":23},"end":{"line":9,"column":null}},"line":7},"1":{"name":"_temp","decl":{"start":{"line":7,"column":23},"end":{"line":7,"column":25}},"loc":{"start":{"line":7,"column":23},"end":{"line":19,"column":null}},"line":7}},"branchMap":{"0":{"loc":{"start":{"line":7,"column":40},"end":{"line":20,"column":null}},"type":"if","locations":[{"start":{"line":7,"column":40},"end":{"line":20,"column":null}},{"start":{"line":20,"column":12},"end":{"line":20,"column":null}}],"line":7},"1":{"loc":{"start":{"line":20,"column":12},"end":{"line":23,"column":null}},"type":"if","locations":[{"start":{"line":20,"column":12},"end":{"line":23,"column":null}},{"start":{"line":23,"column":7},"end":{"line":23,"column":null}}],"line":20}},"s":{"0":1,"1":1,"2":1,"3":1,"4":1,"5":0,"6":1,"7":1,"8":0,"9":1,"10":0},"f":{"0":1,"1":0},"b":{"0":[1,0],"1":[1,0]},"meta":{"lastBranch":2,"lastFunction":2,"lastStatement":11,"seen":{"s:7:13:9:Infinity":0,"f:7:13:7:23":0,"s:7:23:7:25":1,"s:7:25:7:40":2,"b:7:40:20:Infinity:20:12:20:Infinity":0,"s:7:40:20:Infinity":3,"s:12:10:20:Infinity":4,"s:20:12:20:Infinity":5,"b:20:12:23:Infinity:23:7:23:Infinity":1,"s:20:12:23:Infinity":6,"s:9:4:23:Infinity":7,"s:23:7:23:Infinity":8,"s:23:7:9:Infinity":9,"f:7:23:7:25":1,"s:7:23:19:Infinity":10}}}
,"C:\\git\\react-udemy\\03-gifs-app\\src\\gifs\\components\\PreviousSearches.tsx": {"path":"C:\\git\\react-udemy\\03-gifs-app\\src\\gifs\\components\\PreviousSearches.tsx","statementMap":{"0":{"start":{"line":11,"column":13},"end":{"line":13,"column":null}},"1":{"start":{"line":11,"column":43},"end":{"line":11,"column":44}},"2":{"start":{"line":11,"column":44},"end":{"line":11,"column":72}},"3":{"start":{"line":11,"column":72},"end":{"line":15,"column":null}},"4":{"start":{"line":15,"column":8},"end":{"line":15,"column":null}},"5":{"start":{"line":15,"column":34},"end":{"line":15,"column":null}},"6":{"start":{"line":15,"column":34},"end":{"line":21,"column":null}},"7":{"start":{"line":15,"column":34},"end":{"line":21,"column":12}},"8":{"start":{"line":17,"column":24},"end":{"line":21,"column":12}},"9":{"start":{"line":18,"column":12},"end":{"line":21,"column":12}},"10":{"start":{"line":19,"column":27},"end":{"line":19,"column":46}},"11":{"start":{"line":21,"column":11},"end":{"line":21,"column":12}},"12":{"start":{"line":17,"column":11},"end":{"line":21,"column":null}},"13":{"start":{"line":21,"column":12},"end":{"line":21,"column":null}},"14":{"start":{"line":21,"column":12},"end":{"line":24,"column":null}},"15":{"start":{"line":13,"column":4},"end":{"line":24,"column":null}},"16":{"start":{"line":24,"column":7},"end":{"line":24,"column":null}},"17":{"start":{"line":24,"column":7},"end":{"line":13,"column":null}}},"fnMap":{"0":{"name":"(anonymous_0)","decl":{"start":{"line":11,"column":13},"end":{"line":11,"column":43}},"loc":{"start":{"line":11,"column":43},"end":{"line":13,"column":null}},"line":11},"1":{"name":"(anonymous_1)","decl":{"start":{"line":17,"column":24},"end":{"line":17,"column":null}},"loc":{"start":{"line":18,"column":12},"end":{"line":21,"column":12}},"line":18},"2":{"name":"(anonymous_2)","decl":{"start":{"line":19,"column":21},"end":{"line":19,"column":27}},"loc":{"start":{"line":19,"column":27},"end":{"line":19,"column":46}},"line":19}},"branchMap":{"0":{"loc":{"start":{"line":11,"column":72},"end":{"line":15,"column":null}},"type":"if","locations":[{"start":{"line":11,"column":72},"end":{"line":15,"column":null}},{"start":{"line":15,"column":34},"end":{"line":15,"column":null}}],"line":11},"1":{"loc":{"start":{"line":15,"column":34},"end":{"line":21,"column":null}},"type":"if","locations":[{"start":{"line":15,"column":34},"end":{"line":21,"column":null}},{"start":{"line":21,"column":12},"end":{"line":21,"column":null}}],"line":15},"2":{"loc":{"start":{"line":15,"column":34},"end":{"line":15,"column":null}},"type":"binary-expr","locations":[{"start":{"line":15,"column":34},"end":{"line":15,"column":null}},{"start":{"line":15,"column":34},"end":{"line":15,"column":null}}],"line":15},"3":{"loc":{"start":{"line":15,"column":34},"end":{"line":21,"column":12}},"type":"if","locations":[{"start":{"line":15,"column":34},"end":{"line":21,"column":12}},{"start":{"line":21,"column":11},"end":{"line":21,"column":12}}],"line":15},"4":{"loc":{"start":{"line":21,"column":12},"end":{"line":24,"column":null}},"type":"if","locations":[{"start":{"line":21,"column":12},"end":{"line":24,"column":null}},{"start":{"line":24,"column":7},"end":{"line":24,"column":null}}],"line":21}},"s":{"0":1,"1":1,"2":1,"3":1,"4":1,"5":0,"6":1,"7":1,"8":1,"9":0,"10":0,"11":0,"12":1,"13":0,"14":1,"15":1,"16":0,"17":1},"f":{"0":1,"1":0,"2":0},"b":{"0":[1,0],"1":[1,0],"2":[1,0],"3":[1,0],"4":[1,0]},"meta":{"lastBranch":5,"lastFunction":3,"lastStatement":18,"seen":{"s:11:13:13:Infinity":0,"f:11:13:11:43":0,"s:11:43:11:44":1,"s:11:44:11:72":2,"b:11:72:15:Infinity:15:34:15:Infinity":0,"s:11:72:15:Infinity":3,"s:15:8:15:Infinity":4,"s:15:34:15:Infinity":5,"b:15:34:21:Infinity:21:12:21:Infinity":1,"s:15:34:21:Infinity":6,"b:15:34:15:Infinity:15:34:15:Infinity":2,"b:15:34:21:12:21:11:21:12":3,"s:15:34:21:12":7,"s:17:24:21:12":8,"f:17:24:17:Infinity":1,"s:18:12:21:12":9,"f:19:21:19:27":2,"s:19:27:19:46":10,"s:21:11:21:12":11,"s:17:11:21:Infinity":12,"s:21:12:21:Infinity":13,"b:21:12:24:Infinity:24:7:24:Infinity":4,"s:21:12:24:Infinity":14,"s:13:4:24:Infinity":15,"s:24:7:24:Infinity":16,"s:24:7:13:Infinity":17}}}
,"C:\\git\\react-udemy\\03-gifs-app\\src\\gifs\\hooks\\useGifs.tsx": {"path":"C:\\git\\react-udemy\\03-gifs-app\\src\\gifs\\hooks\\useGifs.tsx","statementMap":{"0":{"start":{"line":7,"column":13},"end":{"line":42,"column":null}},"1":{"start":{"line":7,"column":23},"end":{"line":7,"column":null}},"2":{"start":{"line":7,"column":23},"end":{"line":9,"column":45}},"3":{"start":{"line":9,"column":42},"end":{"line":9,"column":45}},"4":{"start":{"line":9,"column":44},"end":{"line":9,"column":45}},"5":{"start":{"line":9,"column":2},"end":{"line":9,"column":44}},"6":{"start":{"line":9,"column":46},"end":{"line":10,"column":66}},"7":{"start":{"line":10,"column":63},"end":{"line":10,"column":66}},"8":{"start":{"line":10,"column":65},"end":{"line":10,"column":66}},"9":{"start":{"line":10,"column":2},"end":{"line":10,"column":65}},"10":{"start":{"line":10,"column":67},"end":{"line":13,"column":53}},"11":{"start":{"line":13,"column":50},"end":{"line":13,"column":53}},"12":{"start":{"line":13,"column":52},"end":{"line":13,"column":53}},"13":{"start":{"line":13,"column":2},"end":{"line":13,"column":52}},"14":{"start":{"line":13,"column":54},"end":{"line":24,"column":null}},"15":{"start":{"line":15,"column":28},"end":{"line":23,"column":null}},"16":{"start":{"line":16,"column":4},"end":{"line":17,"column":null}},"17":{"start":{"line":17,"column":6},"end":{"line":17,"column":null}},"18":{"start":{"line":17,"column":38},"end":{"line":17,"column":null}},"19":{"start":{"line":21,"column":17},"end":{"line":21,"column":43}},"20":{"start":{"line":22,"column":4},"end":{"line":22,"column":null}},"21":{"start":{"line":23,"column":4},"end":{"line":23,"column":null}},"22":{"start":{"line":24,"column":3},"end":{"line":24,"column":null}},"23":{"start":{"line":15,"column":28},"end":{"line":15,"column":null}},"24":{"start":{"line":24,"column":3},"end":{"line":39,"column":null}},"25":{"start":{"line":27,"column":23},"end":{"line":38,"column":null}},"26":{"start":{"line":27,"column":30},"end":{"line":27,"column":null}},"27":{"start":{"line":28,"column":4},"end":{"line":28,"column":null}},"28":{"start":{"line":30,"column":4},"end":{"line":30,"column":null}},"29":{"start":{"line":30,"column":25},"end":{"line":30,"column":null}},"30":{"start":{"line":32,"column":4},"end":{"line":32,"column":null}},"31":{"start":{"line":32,"column":36},"end":{"line":32,"column":null}},"32":{"start":{"line":34,"column":4},"end":{"line":34,"column":null}},"33":{"start":{"line":35,"column":17},"end":{"line":35,"column":44}},"34":{"start":{"line":36,"column":4},"end":{"line":36,"column":null}},"35":{"start":{"line":38,"column":4},"end":{"line":38,"column":null}},"36":{"start":{"line":39,"column":3},"end":{"line":39,"column":null}},"37":{"start":{"line":27,"column":23},"end":{"line":27,"column":30}},"38":{"start":{"line":39,"column":3},"end":{"line":49,"column":null}},"39":{"start":{"line":42,"column":9},"end":{"line":49,"column":null}},"40":{"start":{"line":49,"column":3},"end":{"line":49,"column":null}},"41":{"start":{"line":49,"column":3},"end":{"line":42,"column":null}}},"fnMap":{"0":{"name":"(anonymous_0)","decl":{"start":{"line":7,"column":13},"end":{"line":7,"column":23}},"loc":{"start":{"line":7,"column":23},"end":{"line":42,"column":null}},"line":7},"1":{"name":"(anonymous_1)","decl":{"start":{"line":15,"column":28},"end":{"line":15,"column":null}},"loc":{"start":{"line":15,"column":28},"end":{"line":23,"column":null}},"line":15},"2":{"name":"(anonymous_2)","decl":{"start":{"line":27,"column":23},"end":{"line":27,"column":30}},"loc":{"start":{"line":27,"column":23},"end":{"line":38,"column":null}},"line":27}},"branchMap":{"0":{"loc":{"start":{"line":7,"column":23},"end":{"line":9,"column":45}},"type":"if","locations":[{"start":{"line":7,"column":23},"end":{"line":9,"column":45}},{"start":{"line":9,"column":44},"end":{"line":9,"column":45}}],"line":7},"1":{"loc":{"start":{"line":9,"column":46},"end":{"line":10,"column":66}},"type":"if","locations":[{"start":{"line":9,"column":46},"end":{"line":10,"column":66}},{"start":{"line":10,"column":65},"end":{"line":10,"column":66}}],"line":9},"2":{"loc":{"start":{"line":10,"column":67},"end":{"line":13,"column":53}},"type":"if","locations":[{"start":{"line":10,"column":67},"end":{"line":13,"column":53}},{"start":{"line":13,"column":52},"end":{"line":13,"column":53}}],"line":10},"3":{"loc":{"start":{"line":13,"column":54},"end":{"line":24,"column":null}},"type":"if","locations":[{"start":{"line":13,"column":54},"end":{"line":24,"column":null}},{"start":{"line":24,"column":3},"end":{"line":24,"column":null}}],"line":13},"4":{"loc":{"start":{"line":16,"column":4},"end":{"line":17,"column":null}},"type":"if","locations":[{"start":{"line":16,"column":4},"end":{"line":17,"column":null}},{"start":{},"end":{}}],"line":16},"5":{"loc":{"start":{"line":24,"column":3},"end":{"line":39,"column":null}},"type":"if","locations":[{"start":{"line":24,"column":3},"end":{"line":39,"column":null}},{"start":{"line":39,"column":3},"end":{"line":39,"column":null}}],"line":24},"6":{"loc":{"start":{"line":27,"column":30},"end":{"line":27,"column":null}},"type":"cond-expr","locations":[{"start":{"line":27,"column":30},"end":{"line":27,"column":null}},{"start":{"line":27,"column":30},"end":{"line":27,"column":null}}],"line":27},"7":{"loc":{"start":{"line":30,"column":4},"end":{"line":30,"column":null}},"type":"if","locations":[{"start":{"line":30,"column":4},"end":{"line":30,"column":null}},{"start":{},"end":{}}],"line":30},"8":{"loc":{"start":{"line":32,"column":4},"end":{"line":32,"column":null}},"type":"if","locations":[{"start":{"line":32,"column":4},"end":{"line":32,"column":null}},{"start":{},"end":{}}],"line":32},"9":{"loc":{"start":{"line":39,"column":3},"end":{"line":49,"column":null}},"type":"if","locations":[{"start":{"line":39,"column":3},"end":{"line":49,"column":null}},{"start":{"line":49,"column":3},"end":{"line":49,"column":null}}],"line":39},"10":{"loc":{"start":{"line":39,"column":3},"end":{"line":39,"column":null}},"type":"binary-expr","locations":[{"start":{"line":39,"column":3},"end":{"line":39,"column":null}},{"start":{"line":39,"column":3},"end":{"line":39,"column":null}},{"start":{"line":39,"column":3},"end":{"line":39,"column":null}}],"line":39}},"s":{"0":2,"1":16,"2":16,"3":6,"4":10,"5":16,"6":16,"7":6,"8":10,"9":16,"10":16,"11":6,"12":10,"13":16,"14":16,"15":6,"16":3,"17":1,"18":1,"19":2,"20":2,"21":2,"22":10,"23":16,"24":16,"25":13,"26":7,"27":7,"28":7,"29":0,"30":7,"31":0,"32":7,"33":7,"34":7,"35":7,"36":3,"37":16,"38":16,"39":15,"40":1,"41":16},"f":{"0":16,"1":3,"2":7},"b":{"0":[6,10],"1":[6,10],"2":[6,10],"3":[6,10],"4":[1,2],"5":[13,3],"6":[0,7],"7":[0,7],"8":[0,7],"9":[15,1],"10":[16,6,1]},"meta":{"lastBranch":11,"lastFunction":3,"lastStatement":42,"seen":{"s:7:13:42:Infinity":0,"f:7:13:7:23":0,"s:7:23:7:Infinity":1,"b:7:23:9:45:9:44:9:45":0,"s:7:23:9:45":2,"s:9:42:9:45":3,"s:9:44:9:45":4,"s:9:2:9:44":5,"b:9:46:10:66:10:65:10:66":1,"s:9:46:10:66":6,"s:10:63:10:66":7,"s:10:65:10:66":8,"s:10:2:10:65":9,"b:10:67:13:53:13:52:13:53":2,"s:10:67:13:53":10,"s:13:50:13:53":11,"s:13:52:13:53":12,"s:13:2:13:52":13,"b:13:54:24:Infinity:24:3:24:Infinity":3,"s:13:54:24:Infinity":14,"s:15:28:23:Infinity":15,"f:15:28:15:Infinity":1,"b:16:4:17:Infinity:undefined:undefined:undefined:undefined":4,"s:16:4:17:Infinity":16,"s:17:6:17:Infinity":17,"s:17:38:17:Infinity":18,"s:21:17:21:43":19,"s:22:4:22:Infinity":20,"s:23:4:23:Infinity":21,"s:24:3:24:Infinity":22,"s:15:28:15:Infinity":23,"b:24:3:39:Infinity:39:3:39:Infinity":5,"s:24:3:39:Infinity":24,"s:27:23:38:Infinity":25,"f:27:23:27:30":2,"s:27:30:27:Infinity":26,"b:27:30:27:Infinity:27:30:27:Infinity":6,"s:28:4:28:Infinity":27,"b:30:4:30:Infinity:undefined:undefined:undefined:undefined":7,"s:30:4:30:Infinity":28,"s:30:25:30:Infinity":29,"b:32:4:32:Infinity:undefined:undefined:undefined:undefined":8,"s:32:4:32:Infinity":30,"s:32:36:32:Infinity":31,"s:34:4:34:Infinity":32,"s:35:17:35:44":33,"s:36:4:36:Infinity":34,"s:38:4:38:Infinity":35,"s:39:3:39:Infinity":36,"s:27:23:27:30":37,"b:39:3:49:Infinity:49:3:49:Infinity":9,"s:39:3:49:Infinity":38,"b:39:3:39:Infinity:39:3:39:Infinity:39:3:39:Infinity":10,"s:42:9:49:Infinity":39,"s:49:3:49:Infinity":40,"s:49:3:42:Infinity":41}}}
,"C:\\git\\react-udemy\\03-gifs-app\\src\\shared\\components\\CustomHeader.tsx": {"path":"C:\\git\\react-udemy\\03-gifs-app\\src\\shared\\components\\CustomHeader.tsx","statementMap":{"0":{"start":{"line":6,"column":13},"end":{"line":8,"column":null}},"1":{"start":{"line":6,"column":28},"end":{"line":6,"column":29}},"2":{"start":{"line":6,"column":29},"end":{"line":6,"column":58}},"3":{"start":{"line":6,"column":58},"end":{"line":10,"column":null}},"4":{"start":{"line":10,"column":8},"end":{"line":10,"column":60}},"5":{"start":{"line":10,"column":60},"end":{"line":10,"column":null}},"6":{"start":{"line":10,"column":60},"end":{"line":11,"column":null}},"7":{"start":{"line":11,"column":9},"end":{"line":11,"column":86}},"8":{"start":{"line":11,"column":86},"end":{"line":11,"column":null}},"9":{"start":{"line":11,"column":86},"end":{"line":13,"column":null}},"10":{"start":{"line":8,"column":4},"end":{"line":13,"column":null}},"11":{"start":{"line":13,"column":7},"end":{"line":13,"column":null}},"12":{"start":{"line":13,"column":7},"end":{"line":8,"column":null}}},"fnMap":{"0":{"name":"(anonymous_0)","decl":{"start":{"line":6,"column":13},"end":{"line":6,"column":28}},"loc":{"start":{"line":6,"column":28},"end":{"line":8,"column":null}},"line":6}},"branchMap":{"0":{"loc":{"start":{"line":6,"column":58},"end":{"line":10,"column":null}},"type":"if","locations":[{"start":{"line":6,"column":58},"end":{"line":10,"column":null}},{"start":{"line":10,"column":60},"end":{"line":10,"column":null}}],"line":6},"1":{"loc":{"start":{"line":10,"column":60},"end":{"line":11,"column":null}},"type":"if","locations":[{"start":{"line":10,"column":60},"end":{"line":11,"column":null}},{"start":{"line":11,"column":86},"end":{"line":11,"column":null}}],"line":10},"2":{"loc":{"start":{"line":11,"column":9},"end":{"line":11,"column":86}},"type":"binary-expr","locations":[{"start":{"line":11,"column":9},"end":{"line":11,"column":24}},{"start":{"line":11,"column":24},"end":{"line":11,"column":86}}],"line":11},"3":{"loc":{"start":{"line":11,"column":86},"end":{"line":13,"column":null}},"type":"if","locations":[{"start":{"line":11,"column":86},"end":{"line":13,"column":null}},{"start":{"line":13,"column":7},"end":{"line":13,"column":null}}],"line":11},"4":{"loc":{"start":{"line":11,"column":86},"end":{"line":11,"column":null}},"type":"binary-expr","locations":[{"start":{"line":11,"column":86},"end":{"line":11,"column":null}},{"start":{"line":11,"column":86},"end":{"line":11,"column":null}}],"line":11}},"s":{"0":2,"1":4,"2":4,"3":4,"4":4,"5":0,"6":4,"7":4,"8":0,"9":4,"10":4,"11":0,"12":4},"f":{"0":4},"b":{"0":[4,0],"1":[4,0],"2":[4,2],"3":[4,0],"4":[4,0]},"meta":{"lastBranch":5,"lastFunction":1,"lastStatement":13,"seen":{"s:6:13:8:Infinity":0,"f:6:13:6:28":0,"s:6:28:6:29":1,"s:6:29:6:58":2,"b:6:58:10:Infinity:10:60:10:Infinity":0,"s:6:58:10:Infinity":3,"s:10:8:10:60":4,"s:10:60:10:Infinity":5,"b:10:60:11:Infinity:11:86:11:Infinity":1,"s:10:60:11:Infinity":6,"s:11:9:11:86":7,"b:11:9:11:24:11:24:11:86":2,"s:11:86:11:Infinity":8,"b:11:86:13:Infinity:13:7:13:Infinity":3,"s:11:86:13:Infinity":9,"b:11:86:11:Infinity:11:86:11:Infinity":4,"s:8:4:13:Infinity":10,"s:13:7:13:Infinity":11,"s:13:7:8:Infinity":12}}}
,"C:\\git\\react-udemy\\03-gifs-app\\src\\shared\\components\\SearchBar.tsx": {"path":"C:\\git\\react-udemy\\03-gifs-app\\src\\shared\\components\\SearchBar.tsx","statementMap":{"0":{"start":{"line":10,"column":13},"end":{"line":34,"column":null}},"1":{"start":{"line":10,"column":25},"end":{"line":10,"column":27}},"2":{"start":{"line":10,"column":27},"end":{"line":10,"column":29}},"3":{"start":{"line":10,"column":29},"end":{"line":10,"column":null}},"4":{"start":{"line":11,"column":2},"end":{"line":11,"column":40}},"5":{"start":{"line":11,"column":41},"end":{"line":21,"column":21}},"6":{"start":{"line":13,"column":12},"end":{"line":19,"column":null}},"7":{"start":{"line":14,"column":22},"end":{"line":16,"column":11}},"8":{"start":{"line":15,"column":6},"end":{"line":15,"column":null}},"9":{"start":{"line":16,"column":12},"end":{"line":19,"column":null}},"10":{"start":{"line":19,"column":6},"end":{"line":19,"column":null}},"11":{"start":{"line":21,"column":4},"end":{"line":21,"column":21}},"12":{"start":{"line":21,"column":20},"end":{"line":21,"column":21}},"13":{"start":{"line":13,"column":2},"end":{"line":21,"column":null}},"14":{"start":{"line":21,"column":21},"end":{"line":25,"column":null}},"15":{"start":{"line":23,"column":23},"end":{"line":24,"column":null}},"16":{"start":{"line":24,"column":4},"end":{"line":24,"column":null}},"17":{"start":{"line":25,"column":3},"end":{"line":25,"column":null}},"18":{"start":{"line":23,"column":23},"end":{"line":23,"column":null}},"19":{"start":{"line":25,"column":3},"end":{"line":31,"column":null}},"20":{"start":{"line":27,"column":24},"end":{"line":29,"column":null}},"21":{"start":{"line":28,"column":4},"end":{"line":29,"column":null}},"22":{"start":{"line":29,"column":6},"end":{"line":29,"column":null}},"23":{"start":{"line":31,"column":3},"end":{"line":31,"column":null}},"24":{"start":{"line":27,"column":24},"end":{"line":27,"column":null}},"25":{"start":{"line":31,"column":3},"end":{"line":38,"column":null}},"26":{"start":{"line":38,"column":20},"end":{"line":38,"column":null}},"27":{"start":{"line":38,"column":31},"end":{"line":38,"column":59}},"28":{"start":{"line":38,"column":59},"end":{"line":38,"column":null}},"29":{"start":{"line":38,"column":59},"end":{"line":40,"column":null}},"30":{"start":{"line":36,"column":8},"end":{"line":40,"column":null}},"31":{"start":{"line":40,"column":10},"end":{"line":40,"column":null}},"32":{"start":{"line":40,"column":10},"end":{"line":42,"column":null}},"33":{"start":{"line":41,"column":8},"end":{"line":42,"column":null}},"34":{"start":{"line":42,"column":24},"end":{"line":42,"column":null}},"35":{"start":{"line":42,"column":24},"end":{"line":45,"column":null}},"36":{"start":{"line":34,"column":4},"end":{"line":45,"column":null}},"37":{"start":{"line":45,"column":7},"end":{"line":45,"column":null}},"38":{"start":{"line":45,"column":7},"end":{"line":34,"column":null}}},"fnMap":{"0":{"name":"(anonymous_0)","decl":{"start":{"line":10,"column":13},"end":{"line":10,"column":25}},"loc":{"start":{"line":10,"column":25},"end":{"line":34,"column":null}},"line":10},"1":{"name":"(anonymous_1)","decl":{"start":{"line":13,"column":12},"end":{"line":13,"column":null}},"loc":{"start":{"line":13,"column":12},"end":{"line":19,"column":null}},"line":13},"2":{"name":"(anonymous_2)","decl":{"start":{"line":14,"column":22},"end":{"line":14,"column":33}},"loc":{"start":{"line":14,"column":33},"end":{"line":16,"column":11}},"line":14},"3":{"name":"(anonymous_3)","decl":{"start":{"line":16,"column":12},"end":{"line":16,"column":null}},"loc":{"start":{"line":18,"column":11},"end":{"line":19,"column":null}},"line":18},"4":{"name":"(anonymous_4)","decl":{"start":{"line":23,"column":23},"end":{"line":23,"column":null}},"loc":{"start":{"line":23,"column":23},"end":{"line":24,"column":null}},"line":23},"5":{"name":"(anonymous_5)","decl":{"start":{"line":27,"column":24},"end":{"line":27,"column":null}},"loc":{"start":{"line":27,"column":24},"end":{"line":29,"column":null}},"line":27},"6":{"name":"(anonymous_6)","decl":{"start":{"line":38,"column":20},"end":{"line":38,"column":31}},"loc":{"start":{"line":38,"column":31},"end":{"line":38,"column":59}},"line":38}},"branchMap":{"0":{"loc":{"start":{"line":10,"column":29},"end":{"line":10,"column":null}},"type":"cond-expr","locations":[{"start":{"line":10,"column":29},"end":{"line":10,"column":null}},{"start":{"line":10,"column":29},"end":{"line":10,"column":null}}],"line":10},"1":{"loc":{"start":{"line":11,"column":41},"end":{"line":21,"column":21}},"type":"if","locations":[{"start":{"line":11,"column":41},"end":{"line":21,"column":21}},{"start":{"line":21,"column":20},"end":{"line":21,"column":21}}],"line":11},"2":{"loc":{"start":{"line":11,"column":41},"end":{"line":11,"column":null}},"type":"binary-expr","locations":[{"start":{"line":11,"column":41},"end":{"line":11,"column":null}},{"start":{"line":11,"column":41},"end":{"line":11,"column":null}}],"line":11},"3":{"loc":{"start":{"line":21,"column":21},"end":{"line":25,"column":null}},"type":"if","locations":[{"start":{"line":21,"column":21},"end":{"line":25,"column":null}},{"start":{"line":25,"column":3},"end":{"line":25,"column":null}}],"line":21},"4":{"loc":{"start":{"line":21,"column":21},"end":{"line":21,"column":null}},"type":"binary-expr","locations":[{"start":{"line":21,"column":21},"end":{"line":21,"column":null}},{"start":{"line":21,"column":21},"end":{"line":21,"column":null}}],"line":21},"5":{"loc":{"start":{"line":25,"column":3},"end":{"line":31,"column":null}},"type":"if","locations":[{"start":{"line":25,"column":3},"end":{"line":31,"column":null}},{"start":{"line":31,"column":3},"end":{"line":31,"column":null}}],"line":25},"6":{"loc":{"start":{"line":28,"column":4},"end":{"line":29,"column":null}},"type":"if","locations":[{"start":{"line":28,"column":4},"end":{"line":29,"column":null}},{"start":{},"end":{}}],"line":28},"7":{"loc":{"start":{"line":31,"column":3},"end":{"line":38,"column":null}},"type":"if","locations":[{"start":{"line":31,"column":3},"end":{"line":38,"column":null}},{"start":{"line":38,"column":59},"end":{"line":38,"column":null}}],"line":31},"8":{"loc":{"start":{"line":38,"column":59},"end":{"line":40,"column":null}},"type":"if","locations":[{"start":{"line":38,"column":59},"end":{"line":40,"column":null}},{"start":{"line":40,"column":10},"end":{"line":40,"column":null}}],"line":38},"9":{"loc":{"start":{"line":38,"column":59},"end":{"line":38,"column":null}},"type":"binary-expr","locations":[{"start":{"line":38,"column":59},"end":{"line":38,"column":null}},{"start":{"line":38,"column":59},"end":{"line":38,"column":null}},{"start":{"line":38,"column":59},"end":{"line":38,"column":null}}],"line":38},"10":{"loc":{"start":{"line":40,"column":10},"end":{"line":42,"column":null}},"type":"if","locations":[{"start":{"line":40,"column":10},"end":{"line":42,"column":null}},{"start":{"line":42,"column":24},"end":{"line":42,"column":null}}],"line":40},"11":{"loc":{"start":{"line":42,"column":24},"end":{"line":45,"column":null}},"type":"if","locations":[{"start":{"line":42,"column":24},"end":{"line":45,"column":null}},{"start":{"line":45,"column":7},"end":{"line":45,"column":null}}],"line":42},"12":{"loc":{"start":{"line":42,"column":24},"end":{"line":42,"column":null}},"type":"binary-expr","locations":[{"start":{"line":42,"column":24},"end":{"line":42,"column":null}},{"start":{"line":42,"column":24},"end":{"line":42,"column":null}}],"line":42}},"s":{"0":2,"1":12,"2":12,"3":12,"4":12,"5":12,"6":12,"7":12,"8":2,"9":12,"10":12,"11":12,"12":0,"13":12,"14":12,"15":12,"16":1,"17":0,"18":12,"19":12,"20":12,"21":0,"22":0,"23":0,"24":12,"25":12,"26":6,"27":6,"28":6,"29":12,"30":12,"31":0,"32":12,"33":12,"34":0,"35":12,"36":12,"37":0,"38":12},"f":{"0":12,"1":12,"2":2,"3":12,"4":1,"5":0,"6":6},"b":{"0":[10,2],"1":[12,0],"2":[12,6],"3":[12,0],"4":[12,6],"5":[12,0],"6":[0,0],"7":[6,6],"8":[12,0],"9":[12,0,0],"10":[12,0],"11":[12,0],"12":[12,0]},"meta":{"lastBranch":13,"lastFunction":7,"lastStatement":39,"seen":{"s:10:13:34:Infinity":0,"f:10:13:10:25":0,"s:10:25:10:27":1,"s:10:27:10:29":2,"s:10:29:10:Infinity":3,"b:10:29:10:Infinity:10:29:10:Infinity":0,"s:11:2:11:40":4,"b:11:41:21:21:21:20:21:21":1,"s:11:41:21:21":5,"b:11:41:11:Infinity:11:41:11:Infinity":2,"s:13:12:19:Infinity":6,"f:13:12:13:Infinity":1,"s:14:22:16:11":7,"f:14:22:14:33":2,"s:15:6:15:Infinity":8,"s:16:12:19:Infinity":9,"f:16:12:16:Infinity":3,"s:19:6:19:Infinity":10,"s:21:4:21:21":11,"s:21:20:21:21":12,"s:13:2:21:Infinity":13,"b:21:21:25:Infinity:25:3:25:Infinity":3,"s:21:21:25:Infinity":14,"b:21:21:21:Infinity:21:21:21:Infinity":4,"s:23:23:24:Infinity":15,"f:23:23:23:Infinity":4,"s:24:4:24:Infinity":16,"s:25:3:25:Infinity":17,"s:23:23:23:Infinity":18,"b:25:3:31:Infinity:31:3:31:Infinity":5,"s:25:3:31:Infinity":19,"s:27:24:29:Infinity":20,"f:27:24:27:Infinity":5,"b:28:4:29:Infinity:undefined:undefined:undefined:undefined":6,"s:28:4:29:Infinity":21,"s:29:6:29:Infinity":22,"s:31:3:31:Infinity":23,"s:27:24:27:Infinity":24,"b:31:3:38:Infinity:38:59:38:Infinity":7,"s:31:3:38:Infinity":25,"s:38:20:38:Infinity":26,"f:38:20:38:31":6,"s:38:31:38:59":27,"s:38:59:38:Infinity":28,"b:38:59:40:Infinity:40:10:40:Infinity":8,"s:38:59:40:Infinity":29,"b:38:59:38:Infinity:38:59:38:Infinity:38:59:38:Infinity":9,"s:36:8:40:Infinity":30,"s:40:10:40:Infinity":31,"b:40:10:42:Infinity:42:24:42:Infinity":10,"s:40:10:42:Infinity":32,"s:41:8:42:Infinity":33,"s:42:24:42:Infinity":34,"b:42:24:45:Infinity:45:7:45:Infinity":11,"s:42:24:45:Infinity":35,"b:42:24:42:Infinity:42:24:42:Infinity":12,"s:34:4:45:Infinity":36,"s:45:7:45:Infinity":37,"s:45:7:34:Infinity":38}}}
,"C:\\git\\react-udemy\\03-gifs-app\\tests\\mocks\\giphy.response.data.ts": {"path":"C:\\git\\react-udemy\\03-gifs-app\\tests\\mocks\\giphy.response.data.ts","statementMap":{"0":{"start":{"line":1,"column":39},"end":{"line":2043,"column":null}}},"fnMap":{},"branchMap":{},"s":{"0":1},"f":{},"b":{},"meta":{"lastBranch":0,"lastFunction":0,"lastStatement":1,"seen":{"s:1:39:2043:Infinity":0}}}
}
