{"C:\\git\\react-udemy\\02-first-steps\\src\\FirstStepsApp.tsx": {"path":"C:\\git\\react-udemy\\02-first-steps\\src\\FirstStepsApp.tsx","statementMap":{"0":{"start":{"line":8,"column":34},"end":{"line":12,"column":null}},"1":{"start":{"line":16,"column":2},"end":{"line":21,"column":41}},"2":{"start":{"line":20,"column":49},"end":{"line":21,"column":41}}},"fnMap":{"0":{"name":"FirstStepsApp","decl":{"start":{"line":15,"column":16},"end":{"line":15,"column":null}},"loc":{"start":{"line":15,"column":16},"end":{"line":30,"column":null}},"line":15},"1":{"name":"(anonymous_1)","decl":{"start":{"line":20,"column":25},"end":{"line":20,"column":26}},"loc":{"start":{"line":20,"column":49},"end":{"line":21,"column":41}},"line":20}},"branchMap":{},"s":{"0":1,"1":3,"2":9},"f":{"0":3,"1":9},"b":{},"meta":{"lastBranch":0,"lastFunction":2,"lastStatement":3,"seen":{"s:8:34:12:Infinity":0,"f:15:16:15:Infinity":0,"s:16:2:21:41":1,"f:20:25:20:26":1,"s:20:49:21:41":2}}}
,"C:\\git\\react-udemy\\02-first-steps\\src\\MyAwesomeApp.tsx": {"path":"C:\\git\\react-udemy\\02-first-steps\\src\\MyAwesomeApp.tsx","statementMap":{"0":{"start":{"line":13,"column":20},"end":{"line":13,"column":null}},"1":{"start":{"line":14,"column":19},"end":{"line":14,"column":null}},"2":{"start":{"line":16,"column":24},"end":{"line":16,"column":null}},"3":{"start":{"line":18,"column":19},"end":{"line":18,"column":null}},"4":{"start":{"line":20,"column":18},"end":{"line":23,"column":null}},"5":{"start":{"line":24,"column":34},"end":{"line":28,"column":null}},"6":{"start":{"line":30,"column":28},"end":{"line":49,"column":null}},"7":{"start":{"line":31,"column":2},"end":{"line":44,"column":null}}},"fnMap":{"0":{"name":"(anonymous_0)","decl":{"start":{"line":30,"column":28},"end":{"line":30,"column":null}},"loc":{"start":{"line":30,"column":28},"end":{"line":49,"column":null}},"line":30}},"branchMap":{"0":{"loc":{"start":{"line":38,"column":12},"end":{"line":38,"column":42}},"type":"cond-expr","locations":[{"start":{"line":38,"column":23},"end":{"line":38,"column":34}},{"start":{"line":38,"column":34},"end":{"line":38,"column":42}}],"line":38}},"s":{"0":1,"1":1,"2":1,"3":1,"4":1,"5":1,"6":1,"7":4},"f":{"0":4},"b":{"0":[4,0]},"meta":{"lastBranch":1,"lastFunction":1,"lastStatement":8,"seen":{"s:13:20:13:Infinity":0,"s:14:19:14:Infinity":1,"s:16:24:16:Infinity":2,"s:18:19:18:Infinity":3,"s:20:18:23:Infinity":4,"s:24:34:28:Infinity":5,"s:30:28:49:Infinity":6,"f:30:28:30:Infinity":0,"s:31:2:44:Infinity":7,"b:38:23:38:34:38:34:38:42":0}}}
,"C:\\git\\react-udemy\\02-first-steps\\src\\helpers\\math.helper.ts": {"path":"C:\\git\\react-udemy\\02-first-steps\\src\\helpers\\math.helper.ts","statementMap":{"0":{"start":{"line":4,"column":19},"end":{"line":6,"column":null}},"1":{"start":{"line":5,"column":2},"end":{"line":5,"column":null}},"2":{"start":{"line":8,"column":24},"end":{"line":10,"column":null}},"3":{"start":{"line":9,"column":2},"end":{"line":9,"column":null}},"4":{"start":{"line":12,"column":24},"end":{"line":14,"column":null}},"5":{"start":{"line":13,"column":2},"end":{"line":13,"column":null}},"6":{"start":{"line":16,"column":22},"end":{"line":18,"column":null}},"7":{"start":{"line":17,"column":2},"end":{"line":17,"column":null}}},"fnMap":{"0":{"name":"(anonymous_0)","decl":{"start":{"line":4,"column":19},"end":{"line":4,"column":20}},"loc":{"start":{"line":4,"column":31},"end":{"line":6,"column":null}},"line":4},"1":{"name":"(anonymous_1)","decl":{"start":{"line":8,"column":24},"end":{"line":8,"column":25}},"loc":{"start":{"line":8,"column":36},"end":{"line":10,"column":null}},"line":8},"2":{"name":"(anonymous_2)","decl":{"start":{"line":12,"column":24},"end":{"line":12,"column":25}},"loc":{"start":{"line":12,"column":36},"end":{"line":14,"column":null}},"line":12},"3":{"name":"(anonymous_3)","decl":{"start":{"line":16,"column":22},"end":{"line":16,"column":23}},"loc":{"start":{"line":16,"column":34},"end":{"line":18,"column":null}},"line":16}},"branchMap":{},"s":{"0":1,"1":1,"2":1,"3":2,"4":1,"5":2,"6":1,"7":1},"f":{"0":1,"1":2,"2":2,"3":1},"b":{},"meta":{"lastBranch":0,"lastFunction":4,"lastStatement":8,"seen":{"s:4:19:6:Infinity":0,"f:4:19:4:20":0,"s:5:2:5:Infinity":1,"s:8:24:10:Infinity":2,"f:8:24:8:25":1,"s:9:2:9:Infinity":3,"s:12:24:14:Infinity":4,"f:12:24:12:25":2,"s:13:2:13:Infinity":5,"s:16:22:18:Infinity":6,"f:16:22:16:23":3,"s:17:2:17:Infinity":7}}}
,"C:\\git\\react-udemy\\02-first-steps\\src\\shopping-cart\\ItemCounter.module.css": {"path":"C:\\git\\react-udemy\\02-first-steps\\src\\shopping-cart\\ItemCounter.module.css","statementMap":{},"fnMap":{},"branchMap":{},"s":{},"f":{},"b":{},"meta":{"lastBranch":0,"lastFunction":0,"lastStatement":0,"seen":{}}}
,"C:\\git\\react-udemy\\02-first-steps\\src\\shopping-cart\\ItemCounter.tsx": {"path":"C:\\git\\react-udemy\\02-first-steps\\src\\shopping-cart\\ItemCounter.tsx","statementMap":{"0":{"start":{"line":13,"column":27},"end":{"line":38,"column":null}},"1":{"start":{"line":15,"column":27},"end":{"line":15,"column":null}},"2":{"start":{"line":17,"column":20},"end":{"line":19,"column":null}},"3":{"start":{"line":18,"column":4},"end":{"line":18,"column":null}},"4":{"start":{"line":20,"column":25},"end":{"line":23,"column":null}},"5":{"start":{"line":21,"column":4},"end":{"line":21,"column":null}},"6":{"start":{"line":21,"column":21},"end":{"line":21,"column":null}},"7":{"start":{"line":22,"column":4},"end":{"line":22,"column":null}},"8":{"start":{"line":25,"column":2},"end":{"line":35,"column":null}}},"fnMap":{"0":{"name":"(anonymous_0)","decl":{"start":{"line":13,"column":27},"end":{"line":13,"column":28}},"loc":{"start":{"line":13,"column":55},"end":{"line":38,"column":null}},"line":13},"1":{"name":"(anonymous_1)","decl":{"start":{"line":17,"column":20},"end":{"line":17,"column":null}},"loc":{"start":{"line":17,"column":20},"end":{"line":19,"column":null}},"line":17},"2":{"name":"(anonymous_2)","decl":{"start":{"line":20,"column":25},"end":{"line":20,"column":null}},"loc":{"start":{"line":20,"column":25},"end":{"line":23,"column":null}},"line":20}},"branchMap":{"0":{"loc":{"start":{"line":13,"column":35},"end":{"line":13,"column":47}},"type":"default-arg","locations":[{"start":{"line":13,"column":46},"end":{"line":13,"column":47}}],"line":13},"1":{"loc":{"start":{"line":21,"column":4},"end":{"line":21,"column":null}},"type":"if","locations":[{"start":{"line":21,"column":4},"end":{"line":21,"column":null}},{"start":{},"end":{}}],"line":21},"2":{"loc":{"start":{"line":30,"column":15},"end":{"line":30,"column":null}},"type":"cond-expr","locations":[{"start":{"line":30,"column":29},"end":{"line":30,"column":37}},{"start":{"line":30,"column":37},"end":{"line":30,"column":null}}],"line":30}},"s":{"0":1,"1":9,"2":9,"3":1,"4":9,"5":2,"6":1,"7":1,"8":9},"f":{"0":9,"1":1,"2":2},"b":{"0":[9],"1":[1,1],"2":[4,5]},"meta":{"lastBranch":3,"lastFunction":3,"lastStatement":9,"seen":{"s:13:27:38:Infinity":0,"f:13:27:13:28":0,"b:13:46:13:47":0,"s:15:27:15:Infinity":1,"s:17:20:19:Infinity":2,"f:17:20:17:Infinity":1,"s:18:4:18:Infinity":3,"s:20:25:23:Infinity":4,"f:20:25:20:Infinity":2,"b:21:4:21:Infinity:undefined:undefined:undefined:undefined":1,"s:21:4:21:Infinity":5,"s:21:21:21:Infinity":6,"s:22:4:22:Infinity":7,"s:25:2:35:Infinity":8,"b:30:29:30:37:30:37:30:Infinity":2}}}
}
